[2025-09-12 22:06:52] INFO: Exactly one person detected.
[2025-09-12 22:06:52] INFO: Exactly one person detected.
[2025-09-12 22:06:52] INFO: Exactly one person detected.
[2025-09-12 22:06:52] INFO: Exactly one person detected.
[2025-09-12 22:06:53] INFO: Exactly one person detected.
[2025-09-12 22:06:53] INFO: Exactly one person detected.
[2025-09-12 22:06:53] INFO: Exactly one person detected.
[2025-09-12 22:06:53] INFO: Exactly one person detected.
[2025-09-12 22:06:53] INFO: Exactly one person detected.
[2025-09-12 22:06:54] INFO: Exactly one person detected.
[2025-09-12 22:06:54] INFO: Exactly one person detected.
[2025-09-12 22:06:54] INFO: Exactly one person detected.
[2025-09-12 22:06:54] INFO: Exactly one person detected.
[2025-09-12 22:06:54] INFO: Exactly one person detected.
[2025-09-12 22:06:55] INFO: Exactly one person detected.
[2025-09-12 22:06:55] INFO: Exactly one person detected.
[2025-09-12 22:06:55] INFO: Exactly one person detected.
[2025-09-12 22:06:55] INFO: Exactly one person detected.
[2025-09-12 22:06:55] INFO: Exactly one person detected.
[2025-09-12 22:06:55] INFO: Exactly one person detected.
[2025-09-12 22:06:56] INFO: Exactly one person detected.
[2025-09-12 22:06:56] INFO: Exactly one person detected.
[2025-09-12 22:06:56] INFO: Exactly one person detected.
[2025-09-12 22:06:56] INFO: Exactly one person detected.
[2025-09-12 22:06:56] INFO: Exactly one person detected.
[2025-09-12 22:06:56] INFO: Exactly one person detected.
[2025-09-12 22:06:57] INFO: Exactly one person detected.
[2025-09-12 22:06:57] INFO: Exactly one person detected.
[2025-09-12 22:06:57] INFO: Exactly one person detected.
[2025-09-12 22:06:57] INFO: Exactly one person detected.
[2025-09-12 22:06:57] INFO: Exactly one person detected.
[2025-09-12 22:06:57] INFO: Exactly one person detected.
[2025-09-12 22:06:58] INFO: Exactly one person detected.
[2025-09-12 22:06:58] INFO: Exactly one person detected.
[2025-09-12 22:06:58] INFO: Exactly one person detected.
[2025-09-12 22:06:58] INFO: Exactly one person detected.
[2025-09-12 22:06:58] INFO: Exactly one person detected.
[2025-09-12 22:06:58] INFO: Exactly one person detected.
[2025-09-12 22:06:58] INFO: Exactly one person detected.
[2025-09-12 22:06:59] INFO: Exactly one person detected.
[2025-09-12 22:06:59] INFO: Exactly one person detected.
[2025-09-12 22:06:59] INFO: Exactly one person detected.
[2025-09-12 22:06:59] INFO: Exactly one person detected.
[2025-09-12 22:06:59] INFO: Exactly one person detected.
[2025-09-12 22:06:59] INFO: Exactly one person detected.
[2025-09-12 22:07:00] INFO: Exactly one person detected.
[2025-09-12 22:07:00] INFO: Exactly one person detected.
[2025-09-12 22:07:00] INFO: Exactly one person detected.
[2025-09-12 22:07:00] INFO: Exactly one person detected.
[2025-09-12 22:07:00] INFO: Exactly one person detected.
[2025-09-12 22:07:00] INFO: Exactly one person detected.
[2025-09-12 22:07:01] INFO: Exactly one person detected.
[2025-09-12 22:07:01] INFO: Exactly one person detected.
[2025-09-12 22:07:01] INFO: Exactly one person detected.
[2025-09-12 22:07:01] INFO: Exactly one person detected.
[2025-09-12 22:07:01] INFO: Exactly one person detected.
[2025-09-12 22:07:01] INFO: Exactly one person detected.
[2025-09-12 22:07:01] INFO: Exactly one person detected.
[2025-09-12 22:07:02] INFO: Exactly one person detected.
[2025-09-12 22:07:02] INFO: Exactly one person detected.
[2025-09-12 22:07:02] INFO: Exactly one person detected.
[2025-09-12 22:07:02] INFO: Exactly one person detected.
[2025-09-12 22:07:02] INFO: Exactly one person detected.
[2025-09-12 22:07:02] INFO: Exactly one person detected.
[2025-09-12 22:07:02] INFO: Exactly one person detected.
[2025-09-12 22:07:03] INFO: Exactly one person detected.
[2025-09-12 22:07:03] INFO: Exactly one person detected.
[2025-09-12 22:07:03] INFO: Exactly one person detected.
[2025-09-12 22:07:03] INFO: Exactly one person detected.
[2025-09-12 22:07:03] INFO: Exactly one person detected.
[2025-09-12 22:07:04] INFO: Exactly one person detected.
[2025-09-12 22:07:04] INFO: Exactly one person detected.
[2025-09-12 22:07:04] INFO: Exactly one person detected.
[2025-09-12 22:07:04] INFO: Exactly one person detected.
[2025-09-12 22:07:04] INFO: Exactly one person detected.
[2025-09-12 22:07:04] INFO: Exactly one person detected.
[2025-09-12 22:07:05] INFO: Exactly one person detected.
[2025-09-12 22:07:05] INFO: Exactly one person detected.
[2025-09-12 22:07:05] INFO: Exactly one person detected.
[2025-09-12 22:07:05] INFO: Exactly one person detected.
[2025-09-12 22:07:05] INFO: Exactly one person detected.
[2025-09-12 22:07:05] INFO: Exactly one person detected.
[2025-09-12 22:07:06] INFO: Exactly one person detected.
[2025-09-12 22:07:06] INFO: Exactly one person detected.
[2025-09-12 22:07:06] INFO: Exactly one person detected.
[2025-09-12 22:07:06] INFO: Exactly one person detected.
[2025-09-12 22:07:06] INFO: Exactly one person detected.
[2025-09-12 22:07:07] INFO: Exactly one person detected.
[2025-09-12 22:07:07] INFO: Exactly one person detected.
[2025-09-12 22:07:07] INFO: Exactly one person detected.
[2025-09-12 22:07:07] INFO: Exactly one person detected.
[2025-09-12 22:07:07] INFO: Exactly one person detected.
[2025-09-12 22:07:08] INFO: Exactly one person detected.
[2025-09-12 22:07:08] INFO: Exactly one person detected.
[2025-09-12 22:07:08] INFO: Exactly one person detected.
[2025-09-12 22:07:08] INFO: Exactly one person detected.
[2025-09-12 22:07:08] INFO: Exactly one person detected.
[2025-09-12 22:07:09] INFO: Exactly one person detected.
[2025-09-12 22:07:09] INFO: Exactly one person detected.
[2025-09-12 22:07:09] INFO: Exactly one person detected.
[2025-09-12 22:07:09] INFO: Exactly one person detected.
[2025-09-12 22:07:09] INFO: Exactly one person detected.
[2025-09-12 22:07:09] INFO: Exactly one person detected.
[2025-09-12 22:07:10] INFO: Exactly one person detected.
[2025-09-12 22:07:10] INFO: Exactly one person detected.
[2025-09-12 22:07:10] INFO: Exactly one person detected.
[2025-09-12 22:07:10] INFO: Exactly one person detected.
[2025-09-12 22:07:10] INFO: Exactly one person detected.
[2025-09-12 22:07:10] INFO: Exactly one person detected.
[2025-09-12 22:07:11] INFO: Exactly one person detected.
[2025-09-12 22:07:11] INFO: Exactly one person detected.
[2025-09-12 22:07:11] INFO: Exactly one person detected.
[2025-09-12 22:07:11] INFO: Exactly one person detected.
[2025-09-12 22:07:11] INFO: Exactly one person detected.
[2025-09-12 22:07:11] INFO: Exactly one person detected.
[2025-09-12 22:07:12] INFO: Exactly one person detected.
[2025-09-12 22:07:12] INFO: Exactly one person detected.
[2025-09-12 22:07:12] INFO: Exactly one person detected.
[2025-09-12 22:07:12] INFO: Exactly one person detected.
[2025-09-12 22:07:12] INFO: Exactly one person detected.
[2025-09-12 22:07:12] INFO: Exactly one person detected.
[2025-09-12 22:07:12] INFO: Exactly one person detected.
[2025-09-12 22:07:13] INFO: Exactly one person detected.
[2025-09-12 22:07:13] INFO: Exactly one person detected.
[2025-09-12 22:07:13] INFO: Exactly one person detected.
[2025-09-12 22:07:13] INFO: Exactly one person detected.
[2025-09-12 22:07:13] INFO: Exactly one person detected.
[2025-09-12 22:07:13] INFO: Exactly one person detected.
[2025-09-12 22:07:14] INFO: Exactly one person detected.
[2025-09-12 22:07:14] INFO: Exactly one person detected.
[2025-09-12 22:07:14] INFO: Exactly one person detected.
[2025-09-12 22:07:14] INFO: Exactly one person detected.
[2025-09-12 22:07:14] INFO: Exactly one person detected.
[2025-09-12 22:07:14] INFO: Exactly one person detected.
[2025-09-12 22:07:14] INFO: Exactly one person detected.
[2025-09-12 22:07:15] INFO: Exactly one person detected.
[2025-09-12 22:07:15] INFO: Exactly one person detected.
[2025-09-12 22:07:15] INFO: Exactly one person detected.
[2025-09-12 22:07:15] INFO: Exactly one person detected.
[2025-09-12 22:07:15] INFO: Exactly one person detected.
[2025-09-12 22:07:15] INFO: Exactly one person detected.
[2025-09-12 22:07:15] INFO: Exactly one person detected.
[2025-09-12 22:07:16] INFO: Exactly one person detected.
[2025-09-12 22:07:16] INFO: Exactly one person detected.
[2025-09-12 22:07:16] INFO: Exactly one person detected.
[2025-09-12 22:07:16] INFO: Exactly one person detected.
[2025-09-12 22:07:16] INFO: Exactly one person detected.
[2025-09-12 22:07:16] INFO: Exactly one person detected.
[2025-09-12 22:07:16] INFO: Exactly one person detected.
[2025-09-12 22:07:17] INFO: Exactly one person detected.
[2025-09-12 22:07:17] INFO: Exactly one person detected.
[2025-09-12 22:07:17] INFO: Exactly one person detected.
[2025-09-12 22:07:17] INFO: Exactly one person detected.
[2025-09-12 22:07:17] INFO: Exactly one person detected.
[2025-09-12 22:07:17] INFO: Exactly one person detected.
[2025-09-12 22:07:17] INFO: Exactly one person detected.
[2025-09-12 22:07:18] INFO: Exactly one person detected.
[2025-09-12 22:07:18] INFO: Exactly one person detected.
[2025-09-12 22:07:18] INFO: Exactly one person detected.
[2025-09-12 22:07:18] INFO: Exactly one person detected.
[2025-09-12 22:07:18] INFO: Exactly one person detected.
[2025-09-12 22:07:18] INFO: Exactly one person detected.
[2025-09-12 22:07:19] INFO: Exactly one person detected.
[2025-09-12 22:07:19] INFO: Exactly one person detected.
[2025-09-12 22:07:19] INFO: Exactly one person detected.
[2025-09-12 22:07:19] INFO: Exactly one person detected.
[2025-09-12 22:07:19] INFO: Exactly one person detected.
[2025-09-12 22:07:19] INFO: Exactly one person detected.
[2025-09-12 22:07:19] INFO: Exactly one person detected.
[2025-09-12 22:07:20] INFO: Exactly one person detected.
[2025-09-12 22:07:20] WARNING: Warning cell phone detected! (conf 0.85)
[2025-09-12 22:07:20] INFO: Exactly one person detected.
[2025-09-12 22:07:20] WARNING: Warning cell phone detected! (conf 0.92)
[2025-09-12 22:07:20] INFO: Exactly one person detected.
[2025-09-12 22:07:20] WARNING: Warning cell phone detected! (conf 0.94)
[2025-09-12 22:07:20] INFO: Exactly one person detected.
[2025-09-12 22:07:20] WARNING: Warning cell phone detected! (conf 0.91)
[2025-09-12 22:07:20] INFO: Exactly one person detected.
[2025-09-12 22:07:20] WARNING: Warning cell phone detected! (conf 0.96)
[2025-09-12 22:07:20] INFO: Exactly one person detected.
[2025-09-12 22:07:21] WARNING: Warning cell phone detected! (conf 0.94)
[2025-09-12 22:07:21] INFO: Exactly one person detected.
[2025-09-12 22:07:21] WARNING: Warning cell phone detected! (conf 0.95)
[2025-09-12 22:07:21] INFO: Exactly one person detected.
[2025-09-12 22:07:21] WARNING: Warning cell phone detected! (conf 0.94)
[2025-09-12 22:07:21] INFO: Exactly one person detected.
[2025-09-12 22:07:21] WARNING: Warning cell phone detected! (conf 0.93)
[2025-09-12 22:07:21] INFO: Exactly one person detected.
[2025-09-12 22:07:21] INFO: Exactly one person detected.
[2025-09-12 22:07:21] INFO: Exactly one person detected.
[2025-09-12 22:07:22] INFO: Exactly one person detected.
[2025-09-12 22:07:22] INFO: Exactly one person detected.
[2025-09-12 22:07:22] WARNING: Warning cell phone detected! (conf 0.89)
[2025-09-12 22:07:22] INFO: Exactly one person detected.
[2025-09-12 22:07:22] WARNING: Warning cell phone detected! (conf 0.69)
[2025-09-12 22:07:22] INFO: Exactly one person detected.
[2025-09-12 22:07:22] INFO: Exactly one person detected.
[2025-09-12 22:07:22] INFO: Exactly one person detected.
[2025-09-12 22:07:23] WARNING: Warning cell phone detected! (conf 0.85)
[2025-09-12 22:07:23] INFO: Exactly one person detected.
[2025-09-12 22:07:23] INFO: Exactly one person detected.
[2025-09-12 22:07:23] INFO: Exactly one person detected.
[2025-09-12 22:07:23] INFO: Exactly one person detected.
[2025-09-12 22:07:23] INFO: Exactly one person detected.
[2025-09-12 22:07:23] INFO: Exactly one person detected.
[2025-09-12 22:07:23] INFO: Exactly one person detected.
[2025-09-12 22:07:24] INFO: Exactly one person detected.
[2025-09-12 22:07:24] INFO: Exactly one person detected.
[2025-09-12 22:07:24] INFO: Exactly one person detected.
[2025-09-12 22:07:24] INFO: Exactly one person detected.
[2025-09-12 22:07:24] INFO: Exactly one person detected.
[2025-09-12 22:07:24] WARNING: Warning cell phone detected! (conf 0.59)
[2025-09-12 22:07:24] INFO: Exactly one person detected.
[2025-09-12 22:07:24] WARNING: Warning cell phone detected! (conf 0.52)
[2025-09-12 22:07:24] INFO: Exactly one person detected.
[2025-09-12 22:07:25] INFO: Exactly one person detected.
[2025-09-12 22:07:25] INFO: Exactly one person detected.
[2025-09-12 22:07:25] INFO: Exactly one person detected.
[2025-09-12 22:07:25] INFO: Exactly one person detected.
[2025-09-12 22:07:25] INFO: Exactly one person detected.
[2025-09-12 22:07:25] WARNING: Warning cell phone detected! (conf 0.61)
[2025-09-12 22:07:25] INFO: Exactly one person detected.
[2025-09-12 22:07:25] WARNING: Warning cell phone detected! (conf 0.68)
[2025-09-12 22:07:25] INFO: Exactly one person detected.
[2025-09-12 22:07:26] INFO: Exactly one person detected.
[2025-09-12 22:07:26] INFO: Exactly one person detected.
[2025-09-12 22:07:26] INFO: Exactly one person detected.
[2025-09-12 22:07:26] INFO: Exactly one person detected.
[2025-09-12 22:07:26] INFO: Exactly one person detected.
[2025-09-12 22:07:26] INFO: Exactly one person detected.
[2025-09-12 22:07:26] INFO: Exactly one person detected.
[2025-09-12 22:07:27] INFO: Exactly one person detected.
[2025-09-12 22:07:27] WARNING: Warning No person detected!
[2025-09-12 22:07:27] WARNING: Warning No person detected!
[2025-09-12 22:07:27] WARNING: Warning book detected! (conf 0.63)
[2025-09-12 22:07:27] WARNING: Warning No person detected!
[2025-09-12 22:07:27] WARNING: Warning book detected! (conf 0.79)
[2025-09-12 22:07:27] INFO: Exactly one person detected.
[2025-09-12 22:07:27] WARNING: Warning book detected! (conf 0.55)
[2025-09-12 22:07:27] INFO: Exactly one person detected.
[2025-09-12 22:07:28] WARNING: Warning book detected! (conf 0.60)
[2025-09-12 22:07:28] INFO: Exactly one person detected.
[2025-09-12 22:07:28] WARNING: Warning book detected! (conf 0.67)
[2025-09-12 22:07:28] INFO: Exactly one person detected.
[2025-09-12 22:07:28] WARNING: Warning book detected! (conf 0.65)
[2025-09-12 22:07:28] WARNING: Warning More than one person detected!
[2025-09-12 22:07:28] INFO: Exactly one person detected.
[2025-09-12 22:07:28] WARNING: Warning No person detected!
[2025-09-12 22:07:28] WARNING: Warning No person detected!
[2025-09-12 22:07:28] INFO: Exactly one person detected.
[2025-09-12 22:07:29] INFO: Exactly one person detected.
[2025-09-12 22:07:29] INFO: Exactly one person detected.
[2025-09-12 22:07:29] INFO: Exactly one person detected.
[2025-09-12 22:07:29] INFO: Exactly one person detected.
[2025-09-12 22:07:29] INFO: Exactly one person detected.
[2025-09-12 22:10:21] INFO: Exactly one person detected.
[2025-09-12 22:10:21] INFO: Exactly one person detected.
[2025-09-12 22:10:21] INFO: Exactly one person detected.
[2025-09-12 22:10:21] INFO: Exactly one person detected.
[2025-09-12 22:10:21] INFO: Exactly one person detected.
[2025-09-12 22:10:21] INFO: Exactly one person detected.
[2025-09-12 22:10:22] INFO: Exactly one person detected.
[2025-09-12 22:10:22] INFO: Exactly one person detected.
[2025-09-12 22:10:22] INFO: Exactly one person detected.
[2025-09-12 22:10:22] INFO: Exactly one person detected.
[2025-09-12 22:10:22] INFO: Exactly one person detected.
[2025-09-12 22:10:22] INFO: Exactly one person detected.
[2025-09-12 22:10:23] INFO: Exactly one person detected.
[2025-09-12 22:10:23] INFO: Exactly one person detected.
[2025-09-12 22:10:23] INFO: Exactly one person detected.
[2025-09-12 22:10:23] INFO: Exactly one person detected.
[2025-09-12 22:10:23] INFO: Exactly one person detected.
[2025-09-12 22:10:23] INFO: Exactly one person detected.
[2025-09-12 22:10:23] INFO: Exactly one person detected.
[2025-09-12 22:10:24] INFO: Exactly one person detected.
[2025-09-12 22:10:24] INFO: Exactly one person detected.
[2025-09-12 22:10:24] INFO: Exactly one person detected.
[2025-09-12 22:10:24] INFO: Exactly one person detected.
[2025-09-12 22:10:24] INFO: Exactly one person detected.
[2025-09-12 22:10:24] INFO: Exactly one person detected.
[2025-09-12 22:10:24] INFO: Exactly one person detected.
[2025-09-12 22:10:25] INFO: Exactly one person detected.
[2025-09-12 22:10:25] INFO: Exactly one person detected.
[2025-09-12 22:10:25] INFO: Exactly one person detected.
[2025-09-12 22:10:25] INFO: Exactly one person detected.
[2025-09-12 22:10:25] INFO: Exactly one person detected.
[2025-09-12 22:10:25] INFO: Exactly one person detected.
[2025-09-12 22:10:25] INFO: Exactly one person detected.
[2025-09-12 22:10:26] INFO: Exactly one person detected.
[2025-09-12 22:10:26] INFO: Exactly one person detected.
[2025-09-12 22:10:26] INFO: Exactly one person detected.
[2025-09-12 22:10:26] INFO: Exactly one person detected.
[2025-09-12 22:10:26] INFO: Exactly one person detected.
[2025-09-12 22:10:26] INFO: Exactly one person detected.
[2025-09-12 22:10:26] INFO: Exactly one person detected.
[2025-09-12 22:10:27] INFO: Exactly one person detected.
[2025-09-12 22:10:27] INFO: Exactly one person detected.
[2025-09-12 22:10:27] WARNING: Warning cell phone detected! (conf 0.60)
[2025-09-12 22:10:27] INFO: Exactly one person detected.
[2025-09-12 22:10:27] INFO: Exactly one person detected.
[2025-09-12 22:10:27] WARNING: Warning cell phone detected! (conf 0.66)
[2025-09-12 22:10:27] INFO: Exactly one person detected.
[2025-09-12 22:10:27] INFO: Exactly one person detected.
[2025-09-12 22:10:28] INFO: Exactly one person detected.
[2025-09-12 22:10:28] INFO: Exactly one person detected.
[2025-09-12 22:10:28] INFO: Exactly one person detected.
[2025-09-12 22:10:28] INFO: Exactly one person detected.
[2025-09-12 22:10:28] INFO: Exactly one person detected.
[2025-09-12 22:10:28] INFO: Exactly one person detected.
[2025-09-12 22:10:28] INFO: Exactly one person detected.
[2025-09-12 22:10:29] INFO: Exactly one person detected.
[2025-09-12 22:10:29] WARNING: Warning cell phone detected! (conf 0.89)
[2025-09-12 22:10:29] INFO: Exactly one person detected.
[2025-09-12 22:10:29] WARNING: Warning cell phone detected! (conf 0.63)
[2025-09-12 22:10:29] INFO: Exactly one person detected.
[2025-09-12 22:10:29] INFO: Exactly one person detected.
[2025-09-12 22:10:29] INFO: Exactly one person detected.
[2025-09-12 22:10:29] INFO: Exactly one person detected.
[2025-09-12 22:10:29] INFO: Exactly one person detected.
[2025-09-12 22:10:30] INFO: Exactly one person detected.
[2025-09-12 22:10:30] INFO: Exactly one person detected.
[2025-09-12 22:10:30] INFO: Exactly one person detected.
[2025-09-12 22:10:30] WARNING: Warning cell phone detected! (conf 0.95)
[2025-09-12 22:10:30] INFO: Exactly one person detected.
[2025-09-12 22:10:30] WARNING: Warning cell phone detected! (conf 0.92)
[2025-09-12 22:10:30] INFO: Exactly one person detected.
[2025-09-12 22:10:30] WARNING: Warning cell phone detected! (conf 0.97)
[2025-09-12 22:10:30] INFO: Exactly one person detected.
[2025-09-12 22:10:30] INFO: Exactly one person detected.
[2025-09-12 22:10:31] INFO: Exactly one person detected.
[2025-09-12 22:10:31] INFO: Exactly one person detected.
[2025-09-12 22:10:31] INFO: Exactly one person detected.
[2025-09-12 22:10:31] INFO: Exactly one person detected.
[2025-09-12 22:10:31] INFO: Exactly one person detected.
[2025-09-12 22:10:31] INFO: Exactly one person detected.
[2025-09-12 22:10:31] INFO: Exactly one person detected.
[2025-09-12 22:10:32] INFO: Exactly one person detected.
[2025-09-12 22:10:32] INFO: Exactly one person detected.
[2025-09-12 22:10:32] INFO: Exactly one person detected.
[2025-09-12 22:10:32] INFO: Exactly one person detected.
[2025-09-12 22:10:32] INFO: Exactly one person detected.
[2025-09-12 22:10:32] WARNING: Warning cell phone detected! (conf 0.82)
[2025-09-12 22:10:32] INFO: Exactly one person detected.
[2025-09-12 22:10:32] INFO: Exactly one person detected.
[2025-09-12 22:10:33] INFO: Exactly one person detected.
[2025-09-12 22:10:33] INFO: Exactly one person detected.
[2025-09-12 22:10:33] WARNING: Warning cell phone detected! (conf 0.55)
[2025-09-12 22:10:33] INFO: Exactly one person detected.
[2025-09-12 22:10:33] WARNING: Warning cell phone detected! (conf 0.90)
[2025-09-12 22:10:33] INFO: Exactly one person detected.
[2025-09-12 22:10:33] WARNING: Warning cell phone detected! (conf 0.92)
[2025-09-12 22:10:33] INFO: Exactly one person detected.
[2025-09-12 22:10:33] WARNING: Warning cell phone detected! (conf 0.94)
[2025-09-12 22:10:33] INFO: Exactly one person detected.
[2025-09-12 22:10:33] INFO: Exactly one person detected.
[2025-09-12 22:10:34] INFO: Exactly one person detected.
[2025-09-12 22:10:34] INFO: Exactly one person detected.
[2025-09-12 22:10:34] INFO: Exactly one person detected.
[2025-09-12 22:10:34] INFO: Exactly one person detected.
[2025-09-12 22:10:34] INFO: Exactly one person detected.
[2025-09-12 22:10:34] INFO: Exactly one person detected.
[2025-09-12 22:10:35] INFO: Exactly one person detected.
[2025-09-12 22:10:35] INFO: Exactly one person detected.
[2025-09-12 22:10:35] WARNING: Warning No person detected!
[2025-09-12 22:10:35] WARNING: Warning No person detected!
[2025-09-12 22:10:35] WARNING: Warning book detected! (conf 0.70)
[2025-09-12 22:10:35] INFO: Exactly one person detected.
[2025-09-12 22:10:35] INFO: Exactly one person detected.
[2025-09-12 22:10:36] WARNING: Warning book detected! (conf 0.55)
[2025-09-12 22:10:36] INFO: Exactly one person detected.
[2025-09-12 22:10:36] WARNING: Warning book detected! (conf 0.71)
[2025-09-12 22:10:36] WARNING: Warning More than one person detected!
[2025-09-12 22:10:36] WARNING: Warning book detected! (conf 0.56)
[2025-09-12 22:10:36] INFO: Exactly one person detected.
[2025-09-12 22:10:36] WARNING: Warning book detected! (conf 0.68)
[2025-09-12 22:10:36] WARNING: Warning No person detected!
[2025-09-12 22:10:36] WARNING: Warning No person detected!
[2025-09-12 22:10:36] INFO: Exactly one person detected.
[2025-09-12 22:10:36] INFO: Exactly one person detected.
[2025-09-12 22:10:37] INFO: Exactly one person detected.
[2025-09-12 22:10:37] INFO: Exactly one person detected.
[2025-09-12 22:10:37] INFO: Exactly one person detected.
[2025-09-12 22:10:37] INFO: Exactly one person detected.
[2025-09-12 22:10:37] INFO: Exactly one person detected.
